<?xml version="1.0" encoding="UTF-8"?>
<testng-results ignored="0" total="1" passed="1" failed="0" skipped="0">
  <reporter-output>
    <line>
      <![CDATA[https://demo.actitime.com/login.do]]>
    </line>
    <line>
      <![CDATA[actiTIME - Login]]>
    </line>
  </reporter-output>
  <suite started-at="2022-12-24T17:39:35 IST" name="Default suite" finished-at="2022-12-24T17:40:03 IST" duration-ms="28586">
    <groups>
    </groups>
    <test started-at="2022-12-24T17:39:35 IST" name="Default test" finished-at="2022-12-24T17:40:03 IST" duration-ms="28586">
      <class name="testng.TestCase3">
        <test-method is-config="true" signature="openApp()[pri:0, instance:testng.TestCase3@4a7f959b]" started-at="2022-12-24T17:39:35 IST" name="openApp" finished-at="2022-12-24T17:40:02 IST" duration-ms="27089" status="PASS">
          <reporter-output>
          </reporter-output>
        </test-method> <!-- openApp -->
        <test-method signature="link()[pri:0, instance:testng.TestCase3@4a7f959b]" started-at="2022-12-24T17:40:02 IST" name="link" finished-at="2022-12-24T17:40:03 IST" duration-ms="1125" status="PASS">
          <reporter-output>
            <line>
              <![CDATA[https://demo.actitime.com/login.do]]>
            </line>
            <line>
              <![CDATA[actiTIME - Login]]>
            </line>
          </reporter-output>
        </test-method> <!-- link -->
        <test-method is-config="true" signature="closeApp()[pri:0, instance:testng.TestCase3@4a7f959b]" started-at="2022-12-24T17:40:03 IST" name="closeApp" finished-at="2022-12-24T17:40:03 IST" duration-ms="272" status="PASS">
          <reporter-output>
          </reporter-output>
        </test-method> <!-- closeApp -->
      </class> <!-- testng.TestCase3 -->
    </test> <!-- Default test -->
  </suite> <!-- Default suite -->
</testng-results>
